<?xml version="1.0" encoding="UTF-8"?>
<testsuite xmlns:xsi="http://www.w3.org/2001/XMLSchema-instance" xsi:noNamespaceSchemaLocation="https://maven.apache.org/surefire/maven-surefire-plugin/xsd/surefire-test-report-3.0.xsd" version="3.0" name="com.javatechie.crud.example.repository.ProductRepositoryTest" time="1.435" tests="36" errors="0" skipped="0" failures="0">
  <properties>
[...]
</properties>
  <testcase name="testUpdateProductPrice" classname="com.javatechie.crud.example.repository.ProductRepositoryTest" time="0.109">
    <system-out><![CDATA[2026-01-29T11:37:30.851Z  INFO 28151 --- [           main] t.c.s.AnnotationConfigContextLoaderUtils : Could not detect default configuration classes for test class [com.javatechie.crud.example.repository.ProductRepositoryTest]: ProductRepositoryTest does not declare any static, non-private, non-final, nested classes annotated with @Configuration.
2026-01-29T11:37:30.884Z  INFO 28151 --- [           main] .b.t.c.SpringBootTestContextBootstrapper : Found @SpringBootConfiguration com.javatechie.crud.example.SpringBootCrudExample2Application for test class com.javatechie.crud.example.repository.ProductRepositoryTest

  .   ____          _            __ _ _
 /\\ / ___'_ __ _ _(_)_ __  __ _ \ \ \ \
( ( )\___ | '_ | '_| | '_ \/ _` | \ \ \ \
 \\/  ___)| |_)| | | | | || (_| |  ) ) ) )
  '  |____| .__|_| |_|_| |_\__, | / / / /
 =========|_|==============|___/=/_/_/_/
 :: Spring Boot ::                (v3.2.0)

2026-01-29T11:37:30.920Z  INFO 28151 --- [           main] c.j.c.e.r.ProductRepositoryTest          : Starting ProductRepositoryTest using Java 21.0.9 with PID 28151 (started by studioai in /modernize-data/studio-data/TNT1001/APP3332/transformed-code/1048/studio-workspace/spring-boot-crud)
2026-01-29T11:37:30.921Z  INFO 28151 --- [           main] c.j.c.e.r.ProductRepositoryTest          : The following 1 profile is active: "qa"
2026-01-29T11:37:31.064Z  INFO 28151 --- [           main] .s.d.r.c.RepositoryConfigurationDelegate : Bootstrapping Spring Data JPA repositories in DEFAULT mode.
2026-01-29T11:37:31.077Z  INFO 28151 --- [           main] .s.d.r.c.RepositoryConfigurationDelegate : Finished Spring Data repository scanning in 12 ms. Found 1 JPA repository interface.
2026-01-29T11:37:31.087Z  INFO 28151 --- [           main] beddedDataSourceBeanFactoryPostProcessor : Replacing 'dataSource' DataSource bean with embedded version
2026-01-29T11:37:31.117Z  INFO 28151 --- [           main] o.s.j.d.e.EmbeddedDatabaseFactory        : Starting embedded database: url='jdbc:h2:mem:59238ea3-f88f-4f3b-94e7-720f6110a71b;DB_CLOSE_DELAY=-1;DB_CLOSE_ON_EXIT=false', username='sa'
2026-01-29T11:37:31.137Z  INFO 28151 --- [           main] o.hibernate.jpa.internal.util.LogHelper  : HHH000204: Processing PersistenceUnitInfo [name: default]
2026-01-29T11:37:31.139Z  INFO 28151 --- [           main] o.h.c.internal.RegionFactoryInitiator    : HHH000026: Second-level cache disabled
2026-01-29T11:37:31.142Z  INFO 28151 --- [           main] o.s.o.j.p.SpringPersistenceUnitInfo      : No LoadTimeWeaver setup: ignoring JPA class transformer
2026-01-29T11:37:31.144Z  WARN 28151 --- [           main] org.hibernate.orm.deprecation            : HHH90000025: H2Dialect does not need to be specified explicitly using 'hibernate.dialect' (remove the property setting and it will be selected by default)
2026-01-29T11:37:31.176Z  INFO 28151 --- [           main] o.h.e.t.j.p.i.JtaPlatformInitiator       : HHH000489: No JTA platform available (set 'hibernate.transaction.jta.platform' to enable JTA platform integration)
Hibernate: drop table if exists product_tbl cascade 
Hibernate: create table product_tbl (id integer generated by default as identity, price float(53) not null, quantity integer not null, name varchar(255), primary key (id))
2026-01-29T11:37:31.180Z  INFO 28151 --- [           main] j.LocalContainerEntityManagerFactoryBean : Initialized JPA EntityManagerFactory for persistence unit 'default'
2026-01-29T11:37:31.248Z  INFO 28151 --- [           main] c.j.c.e.r.ProductRepositoryTest          : Started ProductRepositoryTest in 0.359 seconds (process running for 13.653)
Hibernate: insert into product_tbl (name,price,quantity,id) values (?,?,?,default)
]]></system-out>
  </testcase>
  <testcase name="testFindByNameNotFound" classname="com.javatechie.crud.example.repository.ProductRepositoryTest" time="0.207">
    <system-out><![CDATA[Hibernate: insert into product_tbl (name,price,quantity,id) values (?,?,?,default)
Hibernate: select p1_0.id,p1_0.name,p1_0.price,p1_0.quantity from product_tbl p1_0 where p1_0.name=?
]]></system-out>
  </testcase>
  <testcase name="testSaveProductWithZeroQuantity" classname="com.javatechie.crud.example.repository.ProductRepositoryTest" time="0.006">
    <system-out><![CDATA[Hibernate: insert into product_tbl (name,price,quantity,id) values (?,?,?,default)
]]></system-out>
  </testcase>
  <testcase name="testExistsByIdNotFound" classname="com.javatechie.crud.example.repository.ProductRepositoryTest" time="0.4">
    <system-out><![CDATA[Hibernate: select count(*) from product_tbl p1_0 where p1_0.id=?
]]></system-out>
  </testcase>
  <testcase name="testFindAll" classname="com.javatechie.crud.example.repository.ProductRepositoryTest" time="0.021">
    <system-out><![CDATA[Hibernate: insert into product_tbl (name,price,quantity,id) values (?,?,?,default)
Hibernate: insert into product_tbl (name,price,quantity,id) values (?,?,?,default)
Hibernate: select p1_0.id,p1_0.name,p1_0.price,p1_0.quantity from product_tbl p1_0
]]></system-out>
  </testcase>
  <testcase name="testCount" classname="com.javatechie.crud.example.repository.ProductRepositoryTest" time="0.016">
    <system-out><![CDATA[Hibernate: insert into product_tbl (name,price,quantity,id) values (?,?,?,default)
Hibernate: insert into product_tbl (name,price,quantity,id) values (?,?,?,default)
Hibernate: select count(*) from product_tbl p1_0
]]></system-out>
  </testcase>
  <testcase name="testSaveProductWithNegativePrice" classname="com.javatechie.crud.example.repository.ProductRepositoryTest" time="0.008">
    <system-out><![CDATA[Hibernate: insert into product_tbl (name,price,quantity,id) values (?,?,?,default)
]]></system-out>
  </testcase>
  <testcase name="testFindAllWhenEmpty" classname="com.javatechie.crud.example.repository.ProductRepositoryTest" time="0.012">
    <system-out><![CDATA[Hibernate: select p1_0.id,p1_0.name,p1_0.price,p1_0.quantity from product_tbl p1_0
]]></system-out>
  </testcase>
  <testcase name="testFindByName" classname="com.javatechie.crud.example.repository.ProductRepositoryTest" time="0.014">
    <system-out><![CDATA[Hibernate: insert into product_tbl (name,price,quantity,id) values (?,?,?,default)
Hibernate: select p1_0.id,p1_0.name,p1_0.price,p1_0.quantity from product_tbl p1_0 where p1_0.name=?
]]></system-out>
  </testcase>
  <testcase name="testRepositoryIsNotNull" classname="com.javatechie.crud.example.repository.ProductRepositoryTest" time="0.003"/>
  <testcase name="testUpdateProductName" classname="com.javatechie.crud.example.repository.ProductRepositoryTest" time="0.011">
    <system-out><![CDATA[Hibernate: insert into product_tbl (name,price,quantity,id) values (?,?,?,default)
]]></system-out>
  </testcase>
  <testcase name="testCountWhenEmpty" classname="com.javatechie.crud.example.repository.ProductRepositoryTest" time="0.009">
    <system-out><![CDATA[Hibernate: select count(*) from product_tbl p1_0
]]></system-out>
  </testcase>
  <testcase name="testExistsById" classname="com.javatechie.crud.example.repository.ProductRepositoryTest" time="0.009">
    <system-out><![CDATA[Hibernate: insert into product_tbl (name,price,quantity,id) values (?,?,?,default)
Hibernate: select count(*) from product_tbl p1_0 where p1_0.id=?
]]></system-out>
  </testcase>
  <testcase name="testSaveProductWithNegativeQuantity" classname="com.javatechie.crud.example.repository.ProductRepositoryTest" time="0.005">
    <system-out><![CDATA[Hibernate: insert into product_tbl (name,price,quantity,id) values (?,?,?,default)
]]></system-out>
  </testcase>
  <testcase name="testFindByNameWithEmpty" classname="com.javatechie.crud.example.repository.ProductRepositoryTest" time="0.01">
    <system-out><![CDATA[Hibernate: insert into product_tbl (name,price,quantity,id) values (?,?,?,default)
Hibernate: select p1_0.id,p1_0.name,p1_0.price,p1_0.quantity from product_tbl p1_0 where p1_0.name=?
]]></system-out>
  </testcase>
  <testcase name="testSaveProduct" classname="com.javatechie.crud.example.repository.ProductRepositoryTest" time="0.005">
    <system-out><![CDATA[Hibernate: insert into product_tbl (name,price,quantity,id) values (?,?,?,default)
]]></system-out>
  </testcase>
  <testcase name="testSaveMultipleProducts" classname="com.javatechie.crud.example.repository.ProductRepositoryTest" time="0.006">
    <system-out><![CDATA[Hibernate: insert into product_tbl (name,price,quantity,id) values (?,?,?,default)
Hibernate: insert into product_tbl (name,price,quantity,id) values (?,?,?,default)
]]></system-out>
  </testcase>
  <testcase name="testUpdateProductQuantity" classname="com.javatechie.crud.example.repository.ProductRepositoryTest" time="0.007">
    <system-out><![CDATA[Hibernate: insert into product_tbl (name,price,quantity,id) values (?,?,?,default)
]]></system-out>
  </testcase>
  <testcase name="testSaveAndFlush" classname="com.javatechie.crud.example.repository.ProductRepositoryTest" time="0.005">
    <system-out><![CDATA[Hibernate: insert into product_tbl (name,price,quantity,id) values (?,?,?,default)
]]></system-out>
  </testcase>
  <testcase name="testFindById" classname="com.javatechie.crud.example.repository.ProductRepositoryTest" time="0.012">
    <system-out><![CDATA[Hibernate: insert into product_tbl (name,price,quantity,id) values (?,?,?,default)
]]></system-out>
  </testcase>
  <testcase name="testFindByIdNotFound" classname="com.javatechie.crud.example.repository.ProductRepositoryTest" time="0.006">
    <system-out><![CDATA[Hibernate: select p1_0.id,p1_0.name,p1_0.price,p1_0.quantity from product_tbl p1_0 where p1_0.id=?
]]></system-out>
  </testcase>
  <testcase name="testUpdateProduct" classname="com.javatechie.crud.example.repository.ProductRepositoryTest" time="0.005">
    <system-out><![CDATA[Hibernate: insert into product_tbl (name,price,quantity,id) values (?,?,?,default)
]]></system-out>
  </testcase>
  <testcase name="testFindAllWithSingleProduct" classname="com.javatechie.crud.example.repository.ProductRepositoryTest" time="0.006">
    <system-out><![CDATA[Hibernate: insert into product_tbl (name,price,quantity,id) values (?,?,?,default)
Hibernate: select p1_0.id,p1_0.name,p1_0.price,p1_0.quantity from product_tbl p1_0
]]></system-out>
  </testcase>
  <testcase name="testSaveProductWithNullName" classname="com.javatechie.crud.example.repository.ProductRepositoryTest" time="0.004">
    <system-out><![CDATA[Hibernate: insert into product_tbl (name,price,quantity,id) values (?,?,?,default)
]]></system-out>
  </testcase>
  <testcase name="testFindByNameWithNull" classname="com.javatechie.crud.example.repository.ProductRepositoryTest" time="0.009">
    <system-out><![CDATA[Hibernate: insert into product_tbl (name,price,quantity,id) values (?,?,?,default)
Hibernate: select p1_0.id,p1_0.name,p1_0.price,p1_0.quantity from product_tbl p1_0 where p1_0.name is null
]]></system-out>
  </testcase>
  <testcase name="testFindByNameWithSpecialCharacters" classname="com.javatechie.crud.example.repository.ProductRepositoryTest" time="0.007">
    <system-out><![CDATA[Hibernate: insert into product_tbl (name,price,quantity,id) values (?,?,?,default)
Hibernate: select p1_0.id,p1_0.name,p1_0.price,p1_0.quantity from product_tbl p1_0 where p1_0.name=?
]]></system-out>
  </testcase>
  <testcase name="testFindByNameCaseSensitive" classname="com.javatechie.crud.example.repository.ProductRepositoryTest" time="0.009">
    <system-out><![CDATA[Hibernate: insert into product_tbl (name,price,quantity,id) values (?,?,?,default)
Hibernate: select p1_0.id,p1_0.name,p1_0.price,p1_0.quantity from product_tbl p1_0 where p1_0.name=?
Hibernate: select p1_0.id,p1_0.name,p1_0.price,p1_0.quantity from product_tbl p1_0 where p1_0.name=?
Hibernate: select p1_0.id,p1_0.name,p1_0.price,p1_0.quantity from product_tbl p1_0 where p1_0.name=?
]]></system-out>
  </testcase>
  <testcase name="testDeleteProductNotAffectingOthers" classname="com.javatechie.crud.example.repository.ProductRepositoryTest" time="0.01">
    <system-out><![CDATA[Hibernate: insert into product_tbl (name,price,quantity,id) values (?,?,?,default)
Hibernate: insert into product_tbl (name,price,quantity,id) values (?,?,?,default)
]]></system-out>
  </testcase>
  <testcase name="testSaveProductWithEmptyName" classname="com.javatechie.crud.example.repository.ProductRepositoryTest" time="0.004">
    <system-out><![CDATA[Hibernate: insert into product_tbl (name,price,quantity,id) values (?,?,?,default)
]]></system-out>
  </testcase>
  <testcase name="testDeleteAllProducts" classname="com.javatechie.crud.example.repository.ProductRepositoryTest" time="0.016">
    <system-out><![CDATA[Hibernate: insert into product_tbl (name,price,quantity,id) values (?,?,?,default)
Hibernate: insert into product_tbl (name,price,quantity,id) values (?,?,?,default)
Hibernate: select p1_0.id,p1_0.name,p1_0.price,p1_0.quantity from product_tbl p1_0
Hibernate: delete from product_tbl where id=?
Hibernate: delete from product_tbl where id=?
Hibernate: select p1_0.id,p1_0.name,p1_0.price,p1_0.quantity from product_tbl p1_0
]]></system-out>
  </testcase>
  <testcase name="testFindByIdWithNegative" classname="com.javatechie.crud.example.repository.ProductRepositoryTest" time="0.004">
    <system-out><![CDATA[Hibernate: select p1_0.id,p1_0.name,p1_0.price,p1_0.quantity from product_tbl p1_0 where p1_0.id=?
]]></system-out>
  </testcase>
  <testcase name="testDeleteProduct" classname="com.javatechie.crud.example.repository.ProductRepositoryTest" time="0.005">
    <system-out><![CDATA[Hibernate: insert into product_tbl (name,price,quantity,id) values (?,?,?,default)
]]></system-out>
  </testcase>
  <testcase name="testFindByNameWhenMultipleProductsExist" classname="com.javatechie.crud.example.repository.ProductRepositoryTest" time="0.007">
    <system-out><![CDATA[Hibernate: insert into product_tbl (name,price,quantity,id) values (?,?,?,default)
Hibernate: insert into product_tbl (name,price,quantity,id) values (?,?,?,default)
Hibernate: select p1_0.id,p1_0.name,p1_0.price,p1_0.quantity from product_tbl p1_0 where p1_0.name=?
]]></system-out>
  </testcase>
  <testcase name="testFindByIdWithZero" classname="com.javatechie.crud.example.repository.ProductRepositoryTest" time="0.003">
    <system-out><![CDATA[Hibernate: select p1_0.id,p1_0.name,p1_0.price,p1_0.quantity from product_tbl p1_0 where p1_0.id=?
]]></system-out>
  </testcase>
  <testcase name="testProductPersistence" classname="com.javatechie.crud.example.repository.ProductRepositoryTest" time="0.007">
    <system-out><![CDATA[Hibernate: insert into product_tbl (name,price,quantity,id) values (?,?,?,default)
Hibernate: select p1_0.id,p1_0.name,p1_0.price,p1_0.quantity from product_tbl p1_0 where p1_0.id=?
]]></system-out>
  </testcase>
  <testcase name="testSaveProductWithZeroPrice" classname="com.javatechie.crud.example.repository.ProductRepositoryTest" time="0.005">
    <system-out><![CDATA[Hibernate: insert into product_tbl (name,price,quantity,id) values (?,?,?,default)
]]></system-out>
  </testcase>
</testsuite>